Copyright 1986-2022 Xilinx, Inc. All Rights Reserved. Copyright 2022-2024 Advanced Micro Devices, Inc. All Rights Reserved.
---------------------------------------------------------------------------------------------------------------------------------------------------
| Tool Version : Vivado v.2024.2 (win64) Build 5239630 Fri Nov 08 22:35:27 MST 2024
| Date         : Sun Nov 23 20:54:42 2025
| Host         : Vincent_TB14 running 64-bit major release  (build 9200)
| Command      : report_drc -file audio_system_wrapper_drc_opted.rpt -pb audio_system_wrapper_drc_opted.pb -rpx audio_system_wrapper_drc_opted.rpx
| Design       : audio_system_wrapper
| Device       : xc7z020clg484-1
| Speed File   : -1
| Design State : Synthesized
---------------------------------------------------------------------------------------------------------------------------------------------------

Report DRC

Table of Contents
-----------------
1. REPORT SUMMARY
2. REPORT DETAILS

1. REPORT SUMMARY
-----------------
            Netlist: netlist
          Floorplan: design_1
      Design limits: <entire design considered>
           Ruledeck: default
             Max checks: <unlimited>
             Checks found: 73
+-----------+----------+----------------------------+--------+
| Rule      | Severity | Description                | Checks |
+-----------+----------+----------------------------+--------+
| CHECK-3   | Warning  | Report rule limit reached  | 1      |
| DPIP-1    | Warning  | Input pipelining           | 16     |
| DPOP-2    | Warning  | MREG Output pipelining     | 36     |
| REQP-1839 | Warning  | RAMB36 async control check | 20     |
+-----------+----------+----------------------------+--------+

2. REPORT DETAILS
-----------------
CHECK-3#1 Warning
Report rule limit reached  
REQP-1839 rule limit reached: 20 violations have been found.
Related violations: <none>

DPIP-1#1 Warning
Input pipelining  
DSP audio_system_i/fft_top_0/inst/fft_ssr_fft_params_complex_ap_fixed_16_1_5_3_0_U0/grp_innerFFT_1024_2_999999_2_0_0_0_complex_complex_complex_complex_s_fu_320/fftStage_8_U0/fftStageKernelS2S_8_U0/mul_16s_15s_31_1_1_U82/tmp_product input audio_system_i/fft_top_0/inst/fft_ssr_fft_params_complex_ap_fixed_16_1_5_3_0_U0/grp_innerFFT_1024_2_999999_2_0_0_0_complex_complex_complex_complex_s_fu_320/fftStage_8_U0/fftStageKernelS2S_8_U0/mul_16s_15s_31_1_1_U82/tmp_product/A[29:0] is not pipelined. Pipelining DSP48 input will improve performance.
Related violations: <none>

DPIP-1#2 Warning
Input pipelining  
DSP audio_system_i/fft_top_0/inst/fft_ssr_fft_params_complex_ap_fixed_16_1_5_3_0_U0/grp_innerFFT_1024_2_999999_2_0_0_0_complex_complex_complex_complex_s_fu_320/fftStage_8_U0/fftStageKernelS2S_8_U0/mul_16s_15s_31_1_1_U85/tmp_product input audio_system_i/fft_top_0/inst/fft_ssr_fft_params_complex_ap_fixed_16_1_5_3_0_U0/grp_innerFFT_1024_2_999999_2_0_0_0_complex_complex_complex_complex_s_fu_320/fftStage_8_U0/fftStageKernelS2S_8_U0/mul_16s_15s_31_1_1_U85/tmp_product/A[29:0] is not pipelined. Pipelining DSP48 input will improve performance.
Related violations: <none>

DPIP-1#3 Warning
Input pipelining  
DSP audio_system_i/fft_top_0/inst/fft_ssr_fft_params_complex_ap_fixed_16_1_5_3_0_U0/grp_innerFFT_1024_2_999999_2_0_0_0_complex_complex_complex_complex_s_fu_320/fftStage_8_U0/fftStage_U0/fftStageKernelS2S_U0/mul_16s_15s_31_1_1_U92/tmp_product input audio_system_i/fft_top_0/inst/fft_ssr_fft_params_complex_ap_fixed_16_1_5_3_0_U0/grp_innerFFT_1024_2_999999_2_0_0_0_complex_complex_complex_complex_s_fu_320/fftStage_8_U0/fftStage_U0/fftStageKernelS2S_U0/mul_16s_15s_31_1_1_U92/tmp_product/A[29:0] is not pipelined. Pipelining DSP48 input will improve performance.
Related violations: <none>

DPIP-1#4 Warning
Input pipelining  
DSP audio_system_i/fft_top_0/inst/fft_ssr_fft_params_complex_ap_fixed_16_1_5_3_0_U0/grp_innerFFT_1024_2_999999_2_0_0_0_complex_complex_complex_complex_s_fu_320/fftStage_8_U0/fftStage_U0/fftStageKernelS2S_U0/mul_16s_15s_31_1_1_U95/tmp_product input audio_system_i/fft_top_0/inst/fft_ssr_fft_params_complex_ap_fixed_16_1_5_3_0_U0/grp_innerFFT_1024_2_999999_2_0_0_0_complex_complex_complex_complex_s_fu_320/fftStage_8_U0/fftStage_U0/fftStageKernelS2S_U0/mul_16s_15s_31_1_1_U95/tmp_product/A[29:0] is not pipelined. Pipelining DSP48 input will improve performance.
Related violations: <none>

DPIP-1#5 Warning
Input pipelining  
DSP audio_system_i/fft_top_0/inst/fft_ssr_fft_params_complex_ap_fixed_16_1_5_3_0_U0/grp_innerFFT_1024_2_999999_2_0_0_0_complex_complex_complex_complex_s_fu_320/fftStage_8_U0/fftStage_U0/fftStage_1_U0/fftStageKernelS2S_1_U0/mul_16s_15s_31_1_1_U100/tmp_product input audio_system_i/fft_top_0/inst/fft_ssr_fft_params_complex_ap_fixed_16_1_5_3_0_U0/grp_innerFFT_1024_2_999999_2_0_0_0_complex_complex_complex_complex_s_fu_320/fftStage_8_U0/fftStage_U0/fftStage_1_U0/fftStageKernelS2S_1_U0/mul_16s_15s_31_1_1_U100/tmp_product/A[29:0] is not pipelined. Pipelining DSP48 input will improve performance.
Related violations: <none>

DPIP-1#6 Warning
Input pipelining  
DSP audio_system_i/fft_top_0/inst/fft_ssr_fft_params_complex_ap_fixed_16_1_5_3_0_U0/grp_innerFFT_1024_2_999999_2_0_0_0_complex_complex_complex_complex_s_fu_320/fftStage_8_U0/fftStage_U0/fftStage_1_U0/fftStageKernelS2S_1_U0/mul_16s_15s_31_1_1_U103/tmp_product input audio_system_i/fft_top_0/inst/fft_ssr_fft_params_complex_ap_fixed_16_1_5_3_0_U0/grp_innerFFT_1024_2_999999_2_0_0_0_complex_complex_complex_complex_s_fu_320/fftStage_8_U0/fftStage_U0/fftStage_1_U0/fftStageKernelS2S_1_U0/mul_16s_15s_31_1_1_U103/tmp_product/A[29:0] is not pipelined. Pipelining DSP48 input will improve performance.
Related violations: <none>

DPIP-1#7 Warning
Input pipelining  
DSP audio_system_i/fft_top_0/inst/fft_ssr_fft_params_complex_ap_fixed_16_1_5_3_0_U0/grp_innerFFT_1024_2_999999_2_0_0_0_complex_complex_complex_complex_s_fu_320/fftStage_8_U0/fftStage_U0/fftStage_1_U0/fftStage_2_U0/fftStageKernelS2S_2_U0/mul_16s_15s_31_1_1_U108/tmp_product input audio_system_i/fft_top_0/inst/fft_ssr_fft_params_complex_ap_fixed_16_1_5_3_0_U0/grp_innerFFT_1024_2_999999_2_0_0_0_complex_complex_complex_complex_s_fu_320/fftStage_8_U0/fftStage_U0/fftStage_1_U0/fftStage_2_U0/fftStageKernelS2S_2_U0/mul_16s_15s_31_1_1_U108/tmp_product/A[29:0] is not pipelined. Pipelining DSP48 input will improve performance.
Related violations: <none>

DPIP-1#8 Warning
Input pipelining  
DSP audio_system_i/fft_top_0/inst/fft_ssr_fft_params_complex_ap_fixed_16_1_5_3_0_U0/grp_innerFFT_1024_2_999999_2_0_0_0_complex_complex_complex_complex_s_fu_320/fftStage_8_U0/fftStage_U0/fftStage_1_U0/fftStage_2_U0/fftStageKernelS2S_2_U0/mul_16s_15s_31_1_1_U111/tmp_product input audio_system_i/fft_top_0/inst/fft_ssr_fft_params_complex_ap_fixed_16_1_5_3_0_U0/grp_innerFFT_1024_2_999999_2_0_0_0_complex_complex_complex_complex_s_fu_320/fftStage_8_U0/fftStage_U0/fftStage_1_U0/fftStage_2_U0/fftStageKernelS2S_2_U0/mul_16s_15s_31_1_1_U111/tmp_product/A[29:0] is not pipelined. Pipelining DSP48 input will improve performance.
Related violations: <none>

DPIP-1#9 Warning
Input pipelining  
DSP audio_system_i/fft_top_0/inst/fft_ssr_fft_params_complex_ap_fixed_16_1_5_3_0_U0/grp_innerFFT_1024_2_999999_2_0_0_0_complex_complex_complex_complex_s_fu_320/fftStage_8_U0/fftStage_U0/fftStage_1_U0/fftStage_2_U0/fftStage_3_U0/fftStageKernelS2S_3_U0/mul_16s_15s_31_1_1_U116/tmp_product input audio_system_i/fft_top_0/inst/fft_ssr_fft_params_complex_ap_fixed_16_1_5_3_0_U0/grp_innerFFT_1024_2_999999_2_0_0_0_complex_complex_complex_complex_s_fu_320/fftStage_8_U0/fftStage_U0/fftStage_1_U0/fftStage_2_U0/fftStage_3_U0/fftStageKernelS2S_3_U0/mul_16s_15s_31_1_1_U116/tmp_product/A[29:0] is not pipelined. Pipelining DSP48 input will improve performance.
Related violations: <none>

DPIP-1#10 Warning
Input pipelining  
DSP audio_system_i/fft_top_0/inst/fft_ssr_fft_params_complex_ap_fixed_16_1_5_3_0_U0/grp_innerFFT_1024_2_999999_2_0_0_0_complex_complex_complex_complex_s_fu_320/fftStage_8_U0/fftStage_U0/fftStage_1_U0/fftStage_2_U0/fftStage_3_U0/fftStageKernelS2S_3_U0/mul_16s_15s_31_1_1_U119/tmp_product input audio_system_i/fft_top_0/inst/fft_ssr_fft_params_complex_ap_fixed_16_1_5_3_0_U0/grp_innerFFT_1024_2_999999_2_0_0_0_complex_complex_complex_complex_s_fu_320/fftStage_8_U0/fftStage_U0/fftStage_1_U0/fftStage_2_U0/fftStage_3_U0/fftStageKernelS2S_3_U0/mul_16s_15s_31_1_1_U119/tmp_product/A[29:0] is not pipelined. Pipelining DSP48 input will improve performance.
Related violations: <none>

DPIP-1#11 Warning
Input pipelining  
DSP audio_system_i/fft_top_0/inst/fft_ssr_fft_params_complex_ap_fixed_16_1_5_3_0_U0/grp_innerFFT_1024_2_999999_2_0_0_0_complex_complex_complex_complex_s_fu_320/fftStage_8_U0/fftStage_U0/fftStage_1_U0/fftStage_2_U0/fftStage_3_U0/fftStage_4_U0/fftStageKernelS2S_4_U0/mul_16s_15s_31_1_1_U124/tmp_product input audio_system_i/fft_top_0/inst/fft_ssr_fft_params_complex_ap_fixed_16_1_5_3_0_U0/grp_innerFFT_1024_2_999999_2_0_0_0_complex_complex_complex_complex_s_fu_320/fftStage_8_U0/fftStage_U0/fftStage_1_U0/fftStage_2_U0/fftStage_3_U0/fftStage_4_U0/fftStageKernelS2S_4_U0/mul_16s_15s_31_1_1_U124/tmp_product/A[29:0] is not pipelined. Pipelining DSP48 input will improve performance.
Related violations: <none>

DPIP-1#12 Warning
Input pipelining  
DSP audio_system_i/fft_top_0/inst/fft_ssr_fft_params_complex_ap_fixed_16_1_5_3_0_U0/grp_innerFFT_1024_2_999999_2_0_0_0_complex_complex_complex_complex_s_fu_320/fftStage_8_U0/fftStage_U0/fftStage_1_U0/fftStage_2_U0/fftStage_3_U0/fftStage_4_U0/fftStageKernelS2S_4_U0/mul_16s_15s_31_1_1_U127/tmp_product input audio_system_i/fft_top_0/inst/fft_ssr_fft_params_complex_ap_fixed_16_1_5_3_0_U0/grp_innerFFT_1024_2_999999_2_0_0_0_complex_complex_complex_complex_s_fu_320/fftStage_8_U0/fftStage_U0/fftStage_1_U0/fftStage_2_U0/fftStage_3_U0/fftStage_4_U0/fftStageKernelS2S_4_U0/mul_16s_15s_31_1_1_U127/tmp_product/A[29:0] is not pipelined. Pipelining DSP48 input will improve performance.
Related violations: <none>

DPIP-1#13 Warning
Input pipelining  
DSP audio_system_i/fft_top_0/inst/fft_ssr_fft_params_complex_ap_fixed_16_1_5_3_0_U0/grp_innerFFT_1024_2_999999_2_0_0_0_complex_complex_complex_complex_s_fu_320/fftStage_8_U0/fftStage_U0/fftStage_1_U0/fftStage_2_U0/fftStage_3_U0/fftStage_4_U0/fftStage_5_U0/fftStageKernelS2S_5_U0/mul_16s_15s_31_1_1_U132/tmp_product input audio_system_i/fft_top_0/inst/fft_ssr_fft_params_complex_ap_fixed_16_1_5_3_0_U0/grp_innerFFT_1024_2_999999_2_0_0_0_complex_complex_complex_complex_s_fu_320/fftStage_8_U0/fftStage_U0/fftStage_1_U0/fftStage_2_U0/fftStage_3_U0/fftStage_4_U0/fftStage_5_U0/fftStageKernelS2S_5_U0/mul_16s_15s_31_1_1_U132/tmp_product/A[29:0] is not pipelined. Pipelining DSP48 input will improve performance.
Related violations: <none>

DPIP-1#14 Warning
Input pipelining  
DSP audio_system_i/fft_top_0/inst/fft_ssr_fft_params_complex_ap_fixed_16_1_5_3_0_U0/grp_innerFFT_1024_2_999999_2_0_0_0_complex_complex_complex_complex_s_fu_320/fftStage_8_U0/fftStage_U0/fftStage_1_U0/fftStage_2_U0/fftStage_3_U0/fftStage_4_U0/fftStage_5_U0/fftStageKernelS2S_5_U0/mul_16s_15s_31_1_1_U135/tmp_product input audio_system_i/fft_top_0/inst/fft_ssr_fft_params_complex_ap_fixed_16_1_5_3_0_U0/grp_innerFFT_1024_2_999999_2_0_0_0_complex_complex_complex_complex_s_fu_320/fftStage_8_U0/fftStage_U0/fftStage_1_U0/fftStage_2_U0/fftStage_3_U0/fftStage_4_U0/fftStage_5_U0/fftStageKernelS2S_5_U0/mul_16s_15s_31_1_1_U135/tmp_product/A[29:0] is not pipelined. Pipelining DSP48 input will improve performance.
Related violations: <none>

DPIP-1#15 Warning
Input pipelining  
DSP audio_system_i/fft_top_0/inst/fft_ssr_fft_params_complex_ap_fixed_16_1_5_3_0_U0/grp_innerFFT_1024_2_999999_2_0_0_0_complex_complex_complex_complex_s_fu_320/fftStage_8_U0/fftStage_U0/fftStage_1_U0/fftStage_2_U0/fftStage_3_U0/fftStage_4_U0/fftStage_5_U0/fftStage_6_U0/fftStageKernelS2S_6_U0/mul_16s_15s_31_1_1_U140/tmp_product input audio_system_i/fft_top_0/inst/fft_ssr_fft_params_complex_ap_fixed_16_1_5_3_0_U0/grp_innerFFT_1024_2_999999_2_0_0_0_complex_complex_complex_complex_s_fu_320/fftStage_8_U0/fftStage_U0/fftStage_1_U0/fftStage_2_U0/fftStage_3_U0/fftStage_4_U0/fftStage_5_U0/fftStage_6_U0/fftStageKernelS2S_6_U0/mul_16s_15s_31_1_1_U140/tmp_product/A[29:0] is not pipelined. Pipelining DSP48 input will improve performance.
Related violations: <none>

DPIP-1#16 Warning
Input pipelining  
DSP audio_system_i/fft_top_0/inst/fft_ssr_fft_params_complex_ap_fixed_16_1_5_3_0_U0/grp_innerFFT_1024_2_999999_2_0_0_0_complex_complex_complex_complex_s_fu_320/fftStage_8_U0/fftStage_U0/fftStage_1_U0/fftStage_2_U0/fftStage_3_U0/fftStage_4_U0/fftStage_5_U0/fftStage_6_U0/fftStageKernelS2S_6_U0/mul_16s_15s_31_1_1_U143/tmp_product input audio_system_i/fft_top_0/inst/fft_ssr_fft_params_complex_ap_fixed_16_1_5_3_0_U0/grp_innerFFT_1024_2_999999_2_0_0_0_complex_complex_complex_complex_s_fu_320/fftStage_8_U0/fftStage_U0/fftStage_1_U0/fftStage_2_U0/fftStage_3_U0/fftStage_4_U0/fftStage_5_U0/fftStage_6_U0/fftStageKernelS2S_6_U0/mul_16s_15s_31_1_1_U143/tmp_product/A[29:0] is not pipelined. Pipelining DSP48 input will improve performance.
Related violations: <none>

DPOP-2#1 Warning
MREG Output pipelining  
DSP audio_system_i/fft_top_0/inst/fft_ssr_fft_params_complex_ap_fixed_16_1_5_3_0_U0/grp_innerFFT_1024_2_999999_2_0_0_0_complex_complex_complex_complex_s_fu_320/fftStage_8_U0/fftStageKernelS2S_8_U0/mul_16s_15s_31_1_1_U82/tmp_product multiplier stage audio_system_i/fft_top_0/inst/fft_ssr_fft_params_complex_ap_fixed_16_1_5_3_0_U0/grp_innerFFT_1024_2_999999_2_0_0_0_complex_complex_complex_complex_s_fu_320/fftStage_8_U0/fftStageKernelS2S_8_U0/mul_16s_15s_31_1_1_U82/tmp_product/P[47:0] is not pipelined (MREG=0). Pipelining the multiplier function will improve performance and will save significant power so it is suggested whenever possible to fully pipeline this function.  If this multiplier was inferred, it is suggested to describe an additional register stage after this function.  If there is no registered adder/accumulator following the multiply function, two pipeline stages are suggested to allow both the MREG and PREG registers to be used.  If the DSP48 was instantiated in the design, it is suggested to set both the MREG and PREG attributes to 1 when performing multiply functions.
Related violations: <none>

DPOP-2#2 Warning
MREG Output pipelining  
DSP audio_system_i/fft_top_0/inst/fft_ssr_fft_params_complex_ap_fixed_16_1_5_3_0_U0/grp_innerFFT_1024_2_999999_2_0_0_0_complex_complex_complex_complex_s_fu_320/fftStage_8_U0/fftStageKernelS2S_8_U0/mul_16s_15s_31_1_1_U84/tmp_product multiplier stage audio_system_i/fft_top_0/inst/fft_ssr_fft_params_complex_ap_fixed_16_1_5_3_0_U0/grp_innerFFT_1024_2_999999_2_0_0_0_complex_complex_complex_complex_s_fu_320/fftStage_8_U0/fftStageKernelS2S_8_U0/mul_16s_15s_31_1_1_U84/tmp_product/P[47:0] is not pipelined (MREG=0). Pipelining the multiplier function will improve performance and will save significant power so it is suggested whenever possible to fully pipeline this function.  If this multiplier was inferred, it is suggested to describe an additional register stage after this function.  If there is no registered adder/accumulator following the multiply function, two pipeline stages are suggested to allow both the MREG and PREG registers to be used.  If the DSP48 was instantiated in the design, it is suggested to set both the MREG and PREG attributes to 1 when performing multiply functions.
Related violations: <none>

DPOP-2#3 Warning
MREG Output pipelining  
DSP audio_system_i/fft_top_0/inst/fft_ssr_fft_params_complex_ap_fixed_16_1_5_3_0_U0/grp_innerFFT_1024_2_999999_2_0_0_0_complex_complex_complex_complex_s_fu_320/fftStage_8_U0/fftStageKernelS2S_8_U0/mul_16s_15s_31_1_1_U85/tmp_product multiplier stage audio_system_i/fft_top_0/inst/fft_ssr_fft_params_complex_ap_fixed_16_1_5_3_0_U0/grp_innerFFT_1024_2_999999_2_0_0_0_complex_complex_complex_complex_s_fu_320/fftStage_8_U0/fftStageKernelS2S_8_U0/mul_16s_15s_31_1_1_U85/tmp_product/P[47:0] is not pipelined (MREG=0). Pipelining the multiplier function will improve performance and will save significant power so it is suggested whenever possible to fully pipeline this function.  If this multiplier was inferred, it is suggested to describe an additional register stage after this function.  If there is no registered adder/accumulator following the multiply function, two pipeline stages are suggested to allow both the MREG and PREG registers to be used.  If the DSP48 was instantiated in the design, it is suggested to set both the MREG and PREG attributes to 1 when performing multiply functions.
Related violations: <none>

DPOP-2#4 Warning
MREG Output pipelining  
DSP audio_system_i/fft_top_0/inst/fft_ssr_fft_params_complex_ap_fixed_16_1_5_3_0_U0/grp_innerFFT_1024_2_999999_2_0_0_0_complex_complex_complex_complex_s_fu_320/fftStage_8_U0/fftStageKernelS2S_8_U0/real2_reg_954_reg multiplier stage audio_system_i/fft_top_0/inst/fft_ssr_fft_params_complex_ap_fixed_16_1_5_3_0_U0/grp_innerFFT_1024_2_999999_2_0_0_0_complex_complex_complex_complex_s_fu_320/fftStage_8_U0/fftStageKernelS2S_8_U0/real2_reg_954_reg/P[47:0] is not pipelined (MREG=0). Pipelining the multiplier function will improve performance and will save significant power so it is suggested whenever possible to fully pipeline this function.  If this multiplier was inferred, it is suggested to describe an additional register stage after this function.  If there is no registered adder/accumulator following the multiply function, two pipeline stages are suggested to allow both the MREG and PREG registers to be used.  If the DSP48 was instantiated in the design, it is suggested to set both the MREG and PREG attributes to 1 when performing multiply functions.
Related violations: <none>

DPOP-2#5 Warning
MREG Output pipelining  
DSP audio_system_i/fft_top_0/inst/fft_ssr_fft_params_complex_ap_fixed_16_1_5_3_0_U0/grp_innerFFT_1024_2_999999_2_0_0_0_complex_complex_complex_complex_s_fu_320/fftStage_8_U0/fftStage_U0/fftStageKernelS2S_U0/mul_16s_15s_31_1_1_U92/tmp_product multiplier stage audio_system_i/fft_top_0/inst/fft_ssr_fft_params_complex_ap_fixed_16_1_5_3_0_U0/grp_innerFFT_1024_2_999999_2_0_0_0_complex_complex_complex_complex_s_fu_320/fftStage_8_U0/fftStage_U0/fftStageKernelS2S_U0/mul_16s_15s_31_1_1_U92/tmp_product/P[47:0] is not pipelined (MREG=0). Pipelining the multiplier function will improve performance and will save significant power so it is suggested whenever possible to fully pipeline this function.  If this multiplier was inferred, it is suggested to describe an additional register stage after this function.  If there is no registered adder/accumulator following the multiply function, two pipeline stages are suggested to allow both the MREG and PREG registers to be used.  If the DSP48 was instantiated in the design, it is suggested to set both the MREG and PREG attributes to 1 when performing multiply functions.
Related violations: <none>

DPOP-2#6 Warning
MREG Output pipelining  
DSP audio_system_i/fft_top_0/inst/fft_ssr_fft_params_complex_ap_fixed_16_1_5_3_0_U0/grp_innerFFT_1024_2_999999_2_0_0_0_complex_complex_complex_complex_s_fu_320/fftStage_8_U0/fftStage_U0/fftStageKernelS2S_U0/mul_16s_15s_31_1_1_U94/tmp_product multiplier stage audio_system_i/fft_top_0/inst/fft_ssr_fft_params_complex_ap_fixed_16_1_5_3_0_U0/grp_innerFFT_1024_2_999999_2_0_0_0_complex_complex_complex_complex_s_fu_320/fftStage_8_U0/fftStage_U0/fftStageKernelS2S_U0/mul_16s_15s_31_1_1_U94/tmp_product/P[47:0] is not pipelined (MREG=0). Pipelining the multiplier function will improve performance and will save significant power so it is suggested whenever possible to fully pipeline this function.  If this multiplier was inferred, it is suggested to describe an additional register stage after this function.  If there is no registered adder/accumulator following the multiply function, two pipeline stages are suggested to allow both the MREG and PREG registers to be used.  If the DSP48 was instantiated in the design, it is suggested to set both the MREG and PREG attributes to 1 when performing multiply functions.
Related violations: <none>

DPOP-2#7 Warning
MREG Output pipelining  
DSP audio_system_i/fft_top_0/inst/fft_ssr_fft_params_complex_ap_fixed_16_1_5_3_0_U0/grp_innerFFT_1024_2_999999_2_0_0_0_complex_complex_complex_complex_s_fu_320/fftStage_8_U0/fftStage_U0/fftStageKernelS2S_U0/mul_16s_15s_31_1_1_U95/tmp_product multiplier stage audio_system_i/fft_top_0/inst/fft_ssr_fft_params_complex_ap_fixed_16_1_5_3_0_U0/grp_innerFFT_1024_2_999999_2_0_0_0_complex_complex_complex_complex_s_fu_320/fftStage_8_U0/fftStage_U0/fftStageKernelS2S_U0/mul_16s_15s_31_1_1_U95/tmp_product/P[47:0] is not pipelined (MREG=0). Pipelining the multiplier function will improve performance and will save significant power so it is suggested whenever possible to fully pipeline this function.  If this multiplier was inferred, it is suggested to describe an additional register stage after this function.  If there is no registered adder/accumulator following the multiply function, two pipeline stages are suggested to allow both the MREG and PREG registers to be used.  If the DSP48 was instantiated in the design, it is suggested to set both the MREG and PREG attributes to 1 when performing multiply functions.
Related violations: <none>

DPOP-2#8 Warning
MREG Output pipelining  
DSP audio_system_i/fft_top_0/inst/fft_ssr_fft_params_complex_ap_fixed_16_1_5_3_0_U0/grp_innerFFT_1024_2_999999_2_0_0_0_complex_complex_complex_complex_s_fu_320/fftStage_8_U0/fftStage_U0/fftStageKernelS2S_U0/real2_reg_963_reg multiplier stage audio_system_i/fft_top_0/inst/fft_ssr_fft_params_complex_ap_fixed_16_1_5_3_0_U0/grp_innerFFT_1024_2_999999_2_0_0_0_complex_complex_complex_complex_s_fu_320/fftStage_8_U0/fftStage_U0/fftStageKernelS2S_U0/real2_reg_963_reg/P[47:0] is not pipelined (MREG=0). Pipelining the multiplier function will improve performance and will save significant power so it is suggested whenever possible to fully pipeline this function.  If this multiplier was inferred, it is suggested to describe an additional register stage after this function.  If there is no registered adder/accumulator following the multiply function, two pipeline stages are suggested to allow both the MREG and PREG registers to be used.  If the DSP48 was instantiated in the design, it is suggested to set both the MREG and PREG attributes to 1 when performing multiply functions.
Related violations: <none>

DPOP-2#9 Warning
MREG Output pipelining  
DSP audio_system_i/fft_top_0/inst/fft_ssr_fft_params_complex_ap_fixed_16_1_5_3_0_U0/grp_innerFFT_1024_2_999999_2_0_0_0_complex_complex_complex_complex_s_fu_320/fftStage_8_U0/fftStage_U0/fftStage_1_U0/fftStageKernelS2S_1_U0/mul_16s_15s_31_1_1_U100/tmp_product multiplier stage audio_system_i/fft_top_0/inst/fft_ssr_fft_params_complex_ap_fixed_16_1_5_3_0_U0/grp_innerFFT_1024_2_999999_2_0_0_0_complex_complex_complex_complex_s_fu_320/fftStage_8_U0/fftStage_U0/fftStage_1_U0/fftStageKernelS2S_1_U0/mul_16s_15s_31_1_1_U100/tmp_product/P[47:0] is not pipelined (MREG=0). Pipelining the multiplier function will improve performance and will save significant power so it is suggested whenever possible to fully pipeline this function.  If this multiplier was inferred, it is suggested to describe an additional register stage after this function.  If there is no registered adder/accumulator following the multiply function, two pipeline stages are suggested to allow both the MREG and PREG registers to be used.  If the DSP48 was instantiated in the design, it is suggested to set both the MREG and PREG attributes to 1 when performing multiply functions.
Related violations: <none>

DPOP-2#10 Warning
MREG Output pipelining  
DSP audio_system_i/fft_top_0/inst/fft_ssr_fft_params_complex_ap_fixed_16_1_5_3_0_U0/grp_innerFFT_1024_2_999999_2_0_0_0_complex_complex_complex_complex_s_fu_320/fftStage_8_U0/fftStage_U0/fftStage_1_U0/fftStageKernelS2S_1_U0/mul_16s_15s_31_1_1_U102/tmp_product multiplier stage audio_system_i/fft_top_0/inst/fft_ssr_fft_params_complex_ap_fixed_16_1_5_3_0_U0/grp_innerFFT_1024_2_999999_2_0_0_0_complex_complex_complex_complex_s_fu_320/fftStage_8_U0/fftStage_U0/fftStage_1_U0/fftStageKernelS2S_1_U0/mul_16s_15s_31_1_1_U102/tmp_product/P[47:0] is not pipelined (MREG=0). Pipelining the multiplier function will improve performance and will save significant power so it is suggested whenever possible to fully pipeline this function.  If this multiplier was inferred, it is suggested to describe an additional register stage after this function.  If there is no registered adder/accumulator following the multiply function, two pipeline stages are suggested to allow both the MREG and PREG registers to be used.  If the DSP48 was instantiated in the design, it is suggested to set both the MREG and PREG attributes to 1 when performing multiply functions.
Related violations: <none>

DPOP-2#11 Warning
MREG Output pipelining  
DSP audio_system_i/fft_top_0/inst/fft_ssr_fft_params_complex_ap_fixed_16_1_5_3_0_U0/grp_innerFFT_1024_2_999999_2_0_0_0_complex_complex_complex_complex_s_fu_320/fftStage_8_U0/fftStage_U0/fftStage_1_U0/fftStageKernelS2S_1_U0/mul_16s_15s_31_1_1_U103/tmp_product multiplier stage audio_system_i/fft_top_0/inst/fft_ssr_fft_params_complex_ap_fixed_16_1_5_3_0_U0/grp_innerFFT_1024_2_999999_2_0_0_0_complex_complex_complex_complex_s_fu_320/fftStage_8_U0/fftStage_U0/fftStage_1_U0/fftStageKernelS2S_1_U0/mul_16s_15s_31_1_1_U103/tmp_product/P[47:0] is not pipelined (MREG=0). Pipelining the multiplier function will improve performance and will save significant power so it is suggested whenever possible to fully pipeline this function.  If this multiplier was inferred, it is suggested to describe an additional register stage after this function.  If there is no registered adder/accumulator following the multiply function, two pipeline stages are suggested to allow both the MREG and PREG registers to be used.  If the DSP48 was instantiated in the design, it is suggested to set both the MREG and PREG attributes to 1 when performing multiply functions.
Related violations: <none>

DPOP-2#12 Warning
MREG Output pipelining  
DSP audio_system_i/fft_top_0/inst/fft_ssr_fft_params_complex_ap_fixed_16_1_5_3_0_U0/grp_innerFFT_1024_2_999999_2_0_0_0_complex_complex_complex_complex_s_fu_320/fftStage_8_U0/fftStage_U0/fftStage_1_U0/fftStageKernelS2S_1_U0/real2_reg_971_reg multiplier stage audio_system_i/fft_top_0/inst/fft_ssr_fft_params_complex_ap_fixed_16_1_5_3_0_U0/grp_innerFFT_1024_2_999999_2_0_0_0_complex_complex_complex_complex_s_fu_320/fftStage_8_U0/fftStage_U0/fftStage_1_U0/fftStageKernelS2S_1_U0/real2_reg_971_reg/P[47:0] is not pipelined (MREG=0). Pipelining the multiplier function will improve performance and will save significant power so it is suggested whenever possible to fully pipeline this function.  If this multiplier was inferred, it is suggested to describe an additional register stage after this function.  If there is no registered adder/accumulator following the multiply function, two pipeline stages are suggested to allow both the MREG and PREG registers to be used.  If the DSP48 was instantiated in the design, it is suggested to set both the MREG and PREG attributes to 1 when performing multiply functions.
Related violations: <none>

DPOP-2#13 Warning
MREG Output pipelining  
DSP audio_system_i/fft_top_0/inst/fft_ssr_fft_params_complex_ap_fixed_16_1_5_3_0_U0/grp_innerFFT_1024_2_999999_2_0_0_0_complex_complex_complex_complex_s_fu_320/fftStage_8_U0/fftStage_U0/fftStage_1_U0/fftStage_2_U0/fftStageKernelS2S_2_U0/mul_16s_15s_31_1_1_U108/tmp_product multiplier stage audio_system_i/fft_top_0/inst/fft_ssr_fft_params_complex_ap_fixed_16_1_5_3_0_U0/grp_innerFFT_1024_2_999999_2_0_0_0_complex_complex_complex_complex_s_fu_320/fftStage_8_U0/fftStage_U0/fftStage_1_U0/fftStage_2_U0/fftStageKernelS2S_2_U0/mul_16s_15s_31_1_1_U108/tmp_product/P[47:0] is not pipelined (MREG=0). Pipelining the multiplier function will improve performance and will save significant power so it is suggested whenever possible to fully pipeline this function.  If this multiplier was inferred, it is suggested to describe an additional register stage after this function.  If there is no registered adder/accumulator following the multiply function, two pipeline stages are suggested to allow both the MREG and PREG registers to be used.  If the DSP48 was instantiated in the design, it is suggested to set both the MREG and PREG attributes to 1 when performing multiply functions.
Related violations: <none>

DPOP-2#14 Warning
MREG Output pipelining  
DSP audio_system_i/fft_top_0/inst/fft_ssr_fft_params_complex_ap_fixed_16_1_5_3_0_U0/grp_innerFFT_1024_2_999999_2_0_0_0_complex_complex_complex_complex_s_fu_320/fftStage_8_U0/fftStage_U0/fftStage_1_U0/fftStage_2_U0/fftStageKernelS2S_2_U0/mul_16s_15s_31_1_1_U110/tmp_product multiplier stage audio_system_i/fft_top_0/inst/fft_ssr_fft_params_complex_ap_fixed_16_1_5_3_0_U0/grp_innerFFT_1024_2_999999_2_0_0_0_complex_complex_complex_complex_s_fu_320/fftStage_8_U0/fftStage_U0/fftStage_1_U0/fftStage_2_U0/fftStageKernelS2S_2_U0/mul_16s_15s_31_1_1_U110/tmp_product/P[47:0] is not pipelined (MREG=0). Pipelining the multiplier function will improve performance and will save significant power so it is suggested whenever possible to fully pipeline this function.  If this multiplier was inferred, it is suggested to describe an additional register stage after this function.  If there is no registered adder/accumulator following the multiply function, two pipeline stages are suggested to allow both the MREG and PREG registers to be used.  If the DSP48 was instantiated in the design, it is suggested to set both the MREG and PREG attributes to 1 when performing multiply functions.
Related violations: <none>

DPOP-2#15 Warning
MREG Output pipelining  
DSP audio_system_i/fft_top_0/inst/fft_ssr_fft_params_complex_ap_fixed_16_1_5_3_0_U0/grp_innerFFT_1024_2_999999_2_0_0_0_complex_complex_complex_complex_s_fu_320/fftStage_8_U0/fftStage_U0/fftStage_1_U0/fftStage_2_U0/fftStageKernelS2S_2_U0/mul_16s_15s_31_1_1_U111/tmp_product multiplier stage audio_system_i/fft_top_0/inst/fft_ssr_fft_params_complex_ap_fixed_16_1_5_3_0_U0/grp_innerFFT_1024_2_999999_2_0_0_0_complex_complex_complex_complex_s_fu_320/fftStage_8_U0/fftStage_U0/fftStage_1_U0/fftStage_2_U0/fftStageKernelS2S_2_U0/mul_16s_15s_31_1_1_U111/tmp_product/P[47:0] is not pipelined (MREG=0). Pipelining the multiplier function will improve performance and will save significant power so it is suggested whenever possible to fully pipeline this function.  If this multiplier was inferred, it is suggested to describe an additional register stage after this function.  If there is no registered adder/accumulator following the multiply function, two pipeline stages are suggested to allow both the MREG and PREG registers to be used.  If the DSP48 was instantiated in the design, it is suggested to set both the MREG and PREG attributes to 1 when performing multiply functions.
Related violations: <none>

DPOP-2#16 Warning
MREG Output pipelining  
DSP audio_system_i/fft_top_0/inst/fft_ssr_fft_params_complex_ap_fixed_16_1_5_3_0_U0/grp_innerFFT_1024_2_999999_2_0_0_0_complex_complex_complex_complex_s_fu_320/fftStage_8_U0/fftStage_U0/fftStage_1_U0/fftStage_2_U0/fftStageKernelS2S_2_U0/real2_reg_973_reg multiplier stage audio_system_i/fft_top_0/inst/fft_ssr_fft_params_complex_ap_fixed_16_1_5_3_0_U0/grp_innerFFT_1024_2_999999_2_0_0_0_complex_complex_complex_complex_s_fu_320/fftStage_8_U0/fftStage_U0/fftStage_1_U0/fftStage_2_U0/fftStageKernelS2S_2_U0/real2_reg_973_reg/P[47:0] is not pipelined (MREG=0). Pipelining the multiplier function will improve performance and will save significant power so it is suggested whenever possible to fully pipeline this function.  If this multiplier was inferred, it is suggested to describe an additional register stage after this function.  If there is no registered adder/accumulator following the multiply function, two pipeline stages are suggested to allow both the MREG and PREG registers to be used.  If the DSP48 was instantiated in the design, it is suggested to set both the MREG and PREG attributes to 1 when performing multiply functions.
Related violations: <none>

DPOP-2#17 Warning
MREG Output pipelining  
DSP audio_system_i/fft_top_0/inst/fft_ssr_fft_params_complex_ap_fixed_16_1_5_3_0_U0/grp_innerFFT_1024_2_999999_2_0_0_0_complex_complex_complex_complex_s_fu_320/fftStage_8_U0/fftStage_U0/fftStage_1_U0/fftStage_2_U0/fftStage_3_U0/fftStageKernelS2S_3_U0/mul_16s_15s_31_1_1_U116/tmp_product multiplier stage audio_system_i/fft_top_0/inst/fft_ssr_fft_params_complex_ap_fixed_16_1_5_3_0_U0/grp_innerFFT_1024_2_999999_2_0_0_0_complex_complex_complex_complex_s_fu_320/fftStage_8_U0/fftStage_U0/fftStage_1_U0/fftStage_2_U0/fftStage_3_U0/fftStageKernelS2S_3_U0/mul_16s_15s_31_1_1_U116/tmp_product/P[47:0] is not pipelined (MREG=0). Pipelining the multiplier function will improve performance and will save significant power so it is suggested whenever possible to fully pipeline this function.  If this multiplier was inferred, it is suggested to describe an additional register stage after this function.  If there is no registered adder/accumulator following the multiply function, two pipeline stages are suggested to allow both the MREG and PREG registers to be used.  If the DSP48 was instantiated in the design, it is suggested to set both the MREG and PREG attributes to 1 when performing multiply functions.
Related violations: <none>

DPOP-2#18 Warning
MREG Output pipelining  
DSP audio_system_i/fft_top_0/inst/fft_ssr_fft_params_complex_ap_fixed_16_1_5_3_0_U0/grp_innerFFT_1024_2_999999_2_0_0_0_complex_complex_complex_complex_s_fu_320/fftStage_8_U0/fftStage_U0/fftStage_1_U0/fftStage_2_U0/fftStage_3_U0/fftStageKernelS2S_3_U0/mul_16s_15s_31_1_1_U118/tmp_product multiplier stage audio_system_i/fft_top_0/inst/fft_ssr_fft_params_complex_ap_fixed_16_1_5_3_0_U0/grp_innerFFT_1024_2_999999_2_0_0_0_complex_complex_complex_complex_s_fu_320/fftStage_8_U0/fftStage_U0/fftStage_1_U0/fftStage_2_U0/fftStage_3_U0/fftStageKernelS2S_3_U0/mul_16s_15s_31_1_1_U118/tmp_product/P[47:0] is not pipelined (MREG=0). Pipelining the multiplier function will improve performance and will save significant power so it is suggested whenever possible to fully pipeline this function.  If this multiplier was inferred, it is suggested to describe an additional register stage after this function.  If there is no registered adder/accumulator following the multiply function, two pipeline stages are suggested to allow both the MREG and PREG registers to be used.  If the DSP48 was instantiated in the design, it is suggested to set both the MREG and PREG attributes to 1 when performing multiply functions.
Related violations: <none>

DPOP-2#19 Warning
MREG Output pipelining  
DSP audio_system_i/fft_top_0/inst/fft_ssr_fft_params_complex_ap_fixed_16_1_5_3_0_U0/grp_innerFFT_1024_2_999999_2_0_0_0_complex_complex_complex_complex_s_fu_320/fftStage_8_U0/fftStage_U0/fftStage_1_U0/fftStage_2_U0/fftStage_3_U0/fftStageKernelS2S_3_U0/mul_16s_15s_31_1_1_U119/tmp_product multiplier stage audio_system_i/fft_top_0/inst/fft_ssr_fft_params_complex_ap_fixed_16_1_5_3_0_U0/grp_innerFFT_1024_2_999999_2_0_0_0_complex_complex_complex_complex_s_fu_320/fftStage_8_U0/fftStage_U0/fftStage_1_U0/fftStage_2_U0/fftStage_3_U0/fftStageKernelS2S_3_U0/mul_16s_15s_31_1_1_U119/tmp_product/P[47:0] is not pipelined (MREG=0). Pipelining the multiplier function will improve performance and will save significant power so it is suggested whenever possible to fully pipeline this function.  If this multiplier was inferred, it is suggested to describe an additional register stage after this function.  If there is no registered adder/accumulator following the multiply function, two pipeline stages are suggested to allow both the MREG and PREG registers to be used.  If the DSP48 was instantiated in the design, it is suggested to set both the MREG and PREG attributes to 1 when performing multiply functions.
Related violations: <none>

DPOP-2#20 Warning
MREG Output pipelining  
DSP audio_system_i/fft_top_0/inst/fft_ssr_fft_params_complex_ap_fixed_16_1_5_3_0_U0/grp_innerFFT_1024_2_999999_2_0_0_0_complex_complex_complex_complex_s_fu_320/fftStage_8_U0/fftStage_U0/fftStage_1_U0/fftStage_2_U0/fftStage_3_U0/fftStageKernelS2S_3_U0/real2_reg_973_reg multiplier stage audio_system_i/fft_top_0/inst/fft_ssr_fft_params_complex_ap_fixed_16_1_5_3_0_U0/grp_innerFFT_1024_2_999999_2_0_0_0_complex_complex_complex_complex_s_fu_320/fftStage_8_U0/fftStage_U0/fftStage_1_U0/fftStage_2_U0/fftStage_3_U0/fftStageKernelS2S_3_U0/real2_reg_973_reg/P[47:0] is not pipelined (MREG=0). Pipelining the multiplier function will improve performance and will save significant power so it is suggested whenever possible to fully pipeline this function.  If this multiplier was inferred, it is suggested to describe an additional register stage after this function.  If there is no registered adder/accumulator following the multiply function, two pipeline stages are suggested to allow both the MREG and PREG registers to be used.  If the DSP48 was instantiated in the design, it is suggested to set both the MREG and PREG attributes to 1 when performing multiply functions.
Related violations: <none>

DPOP-2#21 Warning
MREG Output pipelining  
DSP audio_system_i/fft_top_0/inst/fft_ssr_fft_params_complex_ap_fixed_16_1_5_3_0_U0/grp_innerFFT_1024_2_999999_2_0_0_0_complex_complex_complex_complex_s_fu_320/fftStage_8_U0/fftStage_U0/fftStage_1_U0/fftStage_2_U0/fftStage_3_U0/fftStage_4_U0/fftStageKernelS2S_4_U0/mul_16s_15s_31_1_1_U124/tmp_product multiplier stage audio_system_i/fft_top_0/inst/fft_ssr_fft_params_complex_ap_fixed_16_1_5_3_0_U0/grp_innerFFT_1024_2_999999_2_0_0_0_complex_complex_complex_complex_s_fu_320/fftStage_8_U0/fftStage_U0/fftStage_1_U0/fftStage_2_U0/fftStage_3_U0/fftStage_4_U0/fftStageKernelS2S_4_U0/mul_16s_15s_31_1_1_U124/tmp_product/P[47:0] is not pipelined (MREG=0). Pipelining the multiplier function will improve performance and will save significant power so it is suggested whenever possible to fully pipeline this function.  If this multiplier was inferred, it is suggested to describe an additional register stage after this function.  If there is no registered adder/accumulator following the multiply function, two pipeline stages are suggested to allow both the MREG and PREG registers to be used.  If the DSP48 was instantiated in the design, it is suggested to set both the MREG and PREG attributes to 1 when performing multiply functions.
Related violations: <none>

DPOP-2#22 Warning
MREG Output pipelining  
DSP audio_system_i/fft_top_0/inst/fft_ssr_fft_params_complex_ap_fixed_16_1_5_3_0_U0/grp_innerFFT_1024_2_999999_2_0_0_0_complex_complex_complex_complex_s_fu_320/fftStage_8_U0/fftStage_U0/fftStage_1_U0/fftStage_2_U0/fftStage_3_U0/fftStage_4_U0/fftStageKernelS2S_4_U0/mul_16s_15s_31_1_1_U126/tmp_product multiplier stage audio_system_i/fft_top_0/inst/fft_ssr_fft_params_complex_ap_fixed_16_1_5_3_0_U0/grp_innerFFT_1024_2_999999_2_0_0_0_complex_complex_complex_complex_s_fu_320/fftStage_8_U0/fftStage_U0/fftStage_1_U0/fftStage_2_U0/fftStage_3_U0/fftStage_4_U0/fftStageKernelS2S_4_U0/mul_16s_15s_31_1_1_U126/tmp_product/P[47:0] is not pipelined (MREG=0). Pipelining the multiplier function will improve performance and will save significant power so it is suggested whenever possible to fully pipeline this function.  If this multiplier was inferred, it is suggested to describe an additional register stage after this function.  If there is no registered adder/accumulator following the multiply function, two pipeline stages are suggested to allow both the MREG and PREG registers to be used.  If the DSP48 was instantiated in the design, it is suggested to set both the MREG and PREG attributes to 1 when performing multiply functions.
Related violations: <none>

DPOP-2#23 Warning
MREG Output pipelining  
DSP audio_system_i/fft_top_0/inst/fft_ssr_fft_params_complex_ap_fixed_16_1_5_3_0_U0/grp_innerFFT_1024_2_999999_2_0_0_0_complex_complex_complex_complex_s_fu_320/fftStage_8_U0/fftStage_U0/fftStage_1_U0/fftStage_2_U0/fftStage_3_U0/fftStage_4_U0/fftStageKernelS2S_4_U0/mul_16s_15s_31_1_1_U127/tmp_product multiplier stage audio_system_i/fft_top_0/inst/fft_ssr_fft_params_complex_ap_fixed_16_1_5_3_0_U0/grp_innerFFT_1024_2_999999_2_0_0_0_complex_complex_complex_complex_s_fu_320/fftStage_8_U0/fftStage_U0/fftStage_1_U0/fftStage_2_U0/fftStage_3_U0/fftStage_4_U0/fftStageKernelS2S_4_U0/mul_16s_15s_31_1_1_U127/tmp_product/P[47:0] is not pipelined (MREG=0). Pipelining the multiplier function will improve performance and will save significant power so it is suggested whenever possible to fully pipeline this function.  If this multiplier was inferred, it is suggested to describe an additional register stage after this function.  If there is no registered adder/accumulator following the multiply function, two pipeline stages are suggested to allow both the MREG and PREG registers to be used.  If the DSP48 was instantiated in the design, it is suggested to set both the MREG and PREG attributes to 1 when performing multiply functions.
Related violations: <none>

DPOP-2#24 Warning
MREG Output pipelining  
DSP audio_system_i/fft_top_0/inst/fft_ssr_fft_params_complex_ap_fixed_16_1_5_3_0_U0/grp_innerFFT_1024_2_999999_2_0_0_0_complex_complex_complex_complex_s_fu_320/fftStage_8_U0/fftStage_U0/fftStage_1_U0/fftStage_2_U0/fftStage_3_U0/fftStage_4_U0/fftStageKernelS2S_4_U0/real2_reg_971_reg multiplier stage audio_system_i/fft_top_0/inst/fft_ssr_fft_params_complex_ap_fixed_16_1_5_3_0_U0/grp_innerFFT_1024_2_999999_2_0_0_0_complex_complex_complex_complex_s_fu_320/fftStage_8_U0/fftStage_U0/fftStage_1_U0/fftStage_2_U0/fftStage_3_U0/fftStage_4_U0/fftStageKernelS2S_4_U0/real2_reg_971_reg/P[47:0] is not pipelined (MREG=0). Pipelining the multiplier function will improve performance and will save significant power so it is suggested whenever possible to fully pipeline this function.  If this multiplier was inferred, it is suggested to describe an additional register stage after this function.  If there is no registered adder/accumulator following the multiply function, two pipeline stages are suggested to allow both the MREG and PREG registers to be used.  If the DSP48 was instantiated in the design, it is suggested to set both the MREG and PREG attributes to 1 when performing multiply functions.
Related violations: <none>

DPOP-2#25 Warning
MREG Output pipelining  
DSP audio_system_i/fft_top_0/inst/fft_ssr_fft_params_complex_ap_fixed_16_1_5_3_0_U0/grp_innerFFT_1024_2_999999_2_0_0_0_complex_complex_complex_complex_s_fu_320/fftStage_8_U0/fftStage_U0/fftStage_1_U0/fftStage_2_U0/fftStage_3_U0/fftStage_4_U0/fftStage_5_U0/fftStageKernelS2S_5_U0/mul_16s_15s_31_1_1_U132/tmp_product multiplier stage audio_system_i/fft_top_0/inst/fft_ssr_fft_params_complex_ap_fixed_16_1_5_3_0_U0/grp_innerFFT_1024_2_999999_2_0_0_0_complex_complex_complex_complex_s_fu_320/fftStage_8_U0/fftStage_U0/fftStage_1_U0/fftStage_2_U0/fftStage_3_U0/fftStage_4_U0/fftStage_5_U0/fftStageKernelS2S_5_U0/mul_16s_15s_31_1_1_U132/tmp_product/P[47:0] is not pipelined (MREG=0). Pipelining the multiplier function will improve performance and will save significant power so it is suggested whenever possible to fully pipeline this function.  If this multiplier was inferred, it is suggested to describe an additional register stage after this function.  If there is no registered adder/accumulator following the multiply function, two pipeline stages are suggested to allow both the MREG and PREG registers to be used.  If the DSP48 was instantiated in the design, it is suggested to set both the MREG and PREG attributes to 1 when performing multiply functions.
Related violations: <none>

DPOP-2#26 Warning
MREG Output pipelining  
DSP audio_system_i/fft_top_0/inst/fft_ssr_fft_params_complex_ap_fixed_16_1_5_3_0_U0/grp_innerFFT_1024_2_999999_2_0_0_0_complex_complex_complex_complex_s_fu_320/fftStage_8_U0/fftStage_U0/fftStage_1_U0/fftStage_2_U0/fftStage_3_U0/fftStage_4_U0/fftStage_5_U0/fftStageKernelS2S_5_U0/mul_16s_15s_31_1_1_U134/tmp_product multiplier stage audio_system_i/fft_top_0/inst/fft_ssr_fft_params_complex_ap_fixed_16_1_5_3_0_U0/grp_innerFFT_1024_2_999999_2_0_0_0_complex_complex_complex_complex_s_fu_320/fftStage_8_U0/fftStage_U0/fftStage_1_U0/fftStage_2_U0/fftStage_3_U0/fftStage_4_U0/fftStage_5_U0/fftStageKernelS2S_5_U0/mul_16s_15s_31_1_1_U134/tmp_product/P[47:0] is not pipelined (MREG=0). Pipelining the multiplier function will improve performance and will save significant power so it is suggested whenever possible to fully pipeline this function.  If this multiplier was inferred, it is suggested to describe an additional register stage after this function.  If there is no registered adder/accumulator following the multiply function, two pipeline stages are suggested to allow both the MREG and PREG registers to be used.  If the DSP48 was instantiated in the design, it is suggested to set both the MREG and PREG attributes to 1 when performing multiply functions.
Related violations: <none>

DPOP-2#27 Warning
MREG Output pipelining  
DSP audio_system_i/fft_top_0/inst/fft_ssr_fft_params_complex_ap_fixed_16_1_5_3_0_U0/grp_innerFFT_1024_2_999999_2_0_0_0_complex_complex_complex_complex_s_fu_320/fftStage_8_U0/fftStage_U0/fftStage_1_U0/fftStage_2_U0/fftStage_3_U0/fftStage_4_U0/fftStage_5_U0/fftStageKernelS2S_5_U0/mul_16s_15s_31_1_1_U135/tmp_product multiplier stage audio_system_i/fft_top_0/inst/fft_ssr_fft_params_complex_ap_fixed_16_1_5_3_0_U0/grp_innerFFT_1024_2_999999_2_0_0_0_complex_complex_complex_complex_s_fu_320/fftStage_8_U0/fftStage_U0/fftStage_1_U0/fftStage_2_U0/fftStage_3_U0/fftStage_4_U0/fftStage_5_U0/fftStageKernelS2S_5_U0/mul_16s_15s_31_1_1_U135/tmp_product/P[47:0] is not pipelined (MREG=0). Pipelining the multiplier function will improve performance and will save significant power so it is suggested whenever possible to fully pipeline this function.  If this multiplier was inferred, it is suggested to describe an additional register stage after this function.  If there is no registered adder/accumulator following the multiply function, two pipeline stages are suggested to allow both the MREG and PREG registers to be used.  If the DSP48 was instantiated in the design, it is suggested to set both the MREG and PREG attributes to 1 when performing multiply functions.
Related violations: <none>

DPOP-2#28 Warning
MREG Output pipelining  
DSP audio_system_i/fft_top_0/inst/fft_ssr_fft_params_complex_ap_fixed_16_1_5_3_0_U0/grp_innerFFT_1024_2_999999_2_0_0_0_complex_complex_complex_complex_s_fu_320/fftStage_8_U0/fftStage_U0/fftStage_1_U0/fftStage_2_U0/fftStage_3_U0/fftStage_4_U0/fftStage_5_U0/fftStageKernelS2S_5_U0/real2_reg_973_reg multiplier stage audio_system_i/fft_top_0/inst/fft_ssr_fft_params_complex_ap_fixed_16_1_5_3_0_U0/grp_innerFFT_1024_2_999999_2_0_0_0_complex_complex_complex_complex_s_fu_320/fftStage_8_U0/fftStage_U0/fftStage_1_U0/fftStage_2_U0/fftStage_3_U0/fftStage_4_U0/fftStage_5_U0/fftStageKernelS2S_5_U0/real2_reg_973_reg/P[47:0] is not pipelined (MREG=0). Pipelining the multiplier function will improve performance and will save significant power so it is suggested whenever possible to fully pipeline this function.  If this multiplier was inferred, it is suggested to describe an additional register stage after this function.  If there is no registered adder/accumulator following the multiply function, two pipeline stages are suggested to allow both the MREG and PREG registers to be used.  If the DSP48 was instantiated in the design, it is suggested to set both the MREG and PREG attributes to 1 when performing multiply functions.
Related violations: <none>

DPOP-2#29 Warning
MREG Output pipelining  
DSP audio_system_i/fft_top_0/inst/fft_ssr_fft_params_complex_ap_fixed_16_1_5_3_0_U0/grp_innerFFT_1024_2_999999_2_0_0_0_complex_complex_complex_complex_s_fu_320/fftStage_8_U0/fftStage_U0/fftStage_1_U0/fftStage_2_U0/fftStage_3_U0/fftStage_4_U0/fftStage_5_U0/fftStage_6_U0/fftStageKernelS2S_6_U0/mul_16s_15s_31_1_1_U140/tmp_product multiplier stage audio_system_i/fft_top_0/inst/fft_ssr_fft_params_complex_ap_fixed_16_1_5_3_0_U0/grp_innerFFT_1024_2_999999_2_0_0_0_complex_complex_complex_complex_s_fu_320/fftStage_8_U0/fftStage_U0/fftStage_1_U0/fftStage_2_U0/fftStage_3_U0/fftStage_4_U0/fftStage_5_U0/fftStage_6_U0/fftStageKernelS2S_6_U0/mul_16s_15s_31_1_1_U140/tmp_product/P[47:0] is not pipelined (MREG=0). Pipelining the multiplier function will improve performance and will save significant power so it is suggested whenever possible to fully pipeline this function.  If this multiplier was inferred, it is suggested to describe an additional register stage after this function.  If there is no registered adder/accumulator following the multiply function, two pipeline stages are suggested to allow both the MREG and PREG registers to be used.  If the DSP48 was instantiated in the design, it is suggested to set both the MREG and PREG attributes to 1 when performing multiply functions.
Related violations: <none>

DPOP-2#30 Warning
MREG Output pipelining  
DSP audio_system_i/fft_top_0/inst/fft_ssr_fft_params_complex_ap_fixed_16_1_5_3_0_U0/grp_innerFFT_1024_2_999999_2_0_0_0_complex_complex_complex_complex_s_fu_320/fftStage_8_U0/fftStage_U0/fftStage_1_U0/fftStage_2_U0/fftStage_3_U0/fftStage_4_U0/fftStage_5_U0/fftStage_6_U0/fftStageKernelS2S_6_U0/mul_16s_15s_31_1_1_U142/tmp_product multiplier stage audio_system_i/fft_top_0/inst/fft_ssr_fft_params_complex_ap_fixed_16_1_5_3_0_U0/grp_innerFFT_1024_2_999999_2_0_0_0_complex_complex_complex_complex_s_fu_320/fftStage_8_U0/fftStage_U0/fftStage_1_U0/fftStage_2_U0/fftStage_3_U0/fftStage_4_U0/fftStage_5_U0/fftStage_6_U0/fftStageKernelS2S_6_U0/mul_16s_15s_31_1_1_U142/tmp_product/P[47:0] is not pipelined (MREG=0). Pipelining the multiplier function will improve performance and will save significant power so it is suggested whenever possible to fully pipeline this function.  If this multiplier was inferred, it is suggested to describe an additional register stage after this function.  If there is no registered adder/accumulator following the multiply function, two pipeline stages are suggested to allow both the MREG and PREG registers to be used.  If the DSP48 was instantiated in the design, it is suggested to set both the MREG and PREG attributes to 1 when performing multiply functions.
Related violations: <none>

DPOP-2#31 Warning
MREG Output pipelining  
DSP audio_system_i/fft_top_0/inst/fft_ssr_fft_params_complex_ap_fixed_16_1_5_3_0_U0/grp_innerFFT_1024_2_999999_2_0_0_0_complex_complex_complex_complex_s_fu_320/fftStage_8_U0/fftStage_U0/fftStage_1_U0/fftStage_2_U0/fftStage_3_U0/fftStage_4_U0/fftStage_5_U0/fftStage_6_U0/fftStageKernelS2S_6_U0/mul_16s_15s_31_1_1_U143/tmp_product multiplier stage audio_system_i/fft_top_0/inst/fft_ssr_fft_params_complex_ap_fixed_16_1_5_3_0_U0/grp_innerFFT_1024_2_999999_2_0_0_0_complex_complex_complex_complex_s_fu_320/fftStage_8_U0/fftStage_U0/fftStage_1_U0/fftStage_2_U0/fftStage_3_U0/fftStage_4_U0/fftStage_5_U0/fftStage_6_U0/fftStageKernelS2S_6_U0/mul_16s_15s_31_1_1_U143/tmp_product/P[47:0] is not pipelined (MREG=0). Pipelining the multiplier function will improve performance and will save significant power so it is suggested whenever possible to fully pipeline this function.  If this multiplier was inferred, it is suggested to describe an additional register stage after this function.  If there is no registered adder/accumulator following the multiply function, two pipeline stages are suggested to allow both the MREG and PREG registers to be used.  If the DSP48 was instantiated in the design, it is suggested to set both the MREG and PREG attributes to 1 when performing multiply functions.
Related violations: <none>

DPOP-2#32 Warning
MREG Output pipelining  
DSP audio_system_i/fft_top_0/inst/fft_ssr_fft_params_complex_ap_fixed_16_1_5_3_0_U0/grp_innerFFT_1024_2_999999_2_0_0_0_complex_complex_complex_complex_s_fu_320/fftStage_8_U0/fftStage_U0/fftStage_1_U0/fftStage_2_U0/fftStage_3_U0/fftStage_4_U0/fftStage_5_U0/fftStage_6_U0/fftStageKernelS2S_6_U0/real2_reg_971_reg multiplier stage audio_system_i/fft_top_0/inst/fft_ssr_fft_params_complex_ap_fixed_16_1_5_3_0_U0/grp_innerFFT_1024_2_999999_2_0_0_0_complex_complex_complex_complex_s_fu_320/fftStage_8_U0/fftStage_U0/fftStage_1_U0/fftStage_2_U0/fftStage_3_U0/fftStage_4_U0/fftStage_5_U0/fftStage_6_U0/fftStageKernelS2S_6_U0/real2_reg_971_reg/P[47:0] is not pipelined (MREG=0). Pipelining the multiplier function will improve performance and will save significant power so it is suggested whenever possible to fully pipeline this function.  If this multiplier was inferred, it is suggested to describe an additional register stage after this function.  If there is no registered adder/accumulator following the multiply function, two pipeline stages are suggested to allow both the MREG and PREG registers to be used.  If the DSP48 was instantiated in the design, it is suggested to set both the MREG and PREG attributes to 1 when performing multiply functions.
Related violations: <none>

DPOP-2#33 Warning
MREG Output pipelining  
DSP audio_system_i/fft_top_0/inst/fft_ssr_fft_params_complex_ap_fixed_16_1_5_3_0_U0/grp_innerFFT_1024_2_999999_2_0_0_0_complex_complex_complex_complex_s_fu_320/fftStage_8_U0/fftStage_U0/fftStage_1_U0/fftStage_2_U0/fftStage_3_U0/fftStage_4_U0/fftStage_5_U0/fftStage_6_U0/fftStage_7_U0/fftStageKernelS2S_7_U0/mul_16s_15s_31_1_1_U148/tmp_product multiplier stage audio_system_i/fft_top_0/inst/fft_ssr_fft_params_complex_ap_fixed_16_1_5_3_0_U0/grp_innerFFT_1024_2_999999_2_0_0_0_complex_complex_complex_complex_s_fu_320/fftStage_8_U0/fftStage_U0/fftStage_1_U0/fftStage_2_U0/fftStage_3_U0/fftStage_4_U0/fftStage_5_U0/fftStage_6_U0/fftStage_7_U0/fftStageKernelS2S_7_U0/mul_16s_15s_31_1_1_U148/tmp_product/P[47:0] is not pipelined (MREG=0). Pipelining the multiplier function will improve performance and will save significant power so it is suggested whenever possible to fully pipeline this function.  If this multiplier was inferred, it is suggested to describe an additional register stage after this function.  If there is no registered adder/accumulator following the multiply function, two pipeline stages are suggested to allow both the MREG and PREG registers to be used.  If the DSP48 was instantiated in the design, it is suggested to set both the MREG and PREG attributes to 1 when performing multiply functions.
Related violations: <none>

DPOP-2#34 Warning
MREG Output pipelining  
DSP audio_system_i/fft_top_0/inst/fft_ssr_fft_params_complex_ap_fixed_16_1_5_3_0_U0/grp_innerFFT_1024_2_999999_2_0_0_0_complex_complex_complex_complex_s_fu_320/fftStage_8_U0/fftStage_U0/fftStage_1_U0/fftStage_2_U0/fftStage_3_U0/fftStage_4_U0/fftStage_5_U0/fftStage_6_U0/fftStage_7_U0/fftStageKernelS2S_7_U0/mul_16s_15s_31_1_1_U150/tmp_product multiplier stage audio_system_i/fft_top_0/inst/fft_ssr_fft_params_complex_ap_fixed_16_1_5_3_0_U0/grp_innerFFT_1024_2_999999_2_0_0_0_complex_complex_complex_complex_s_fu_320/fftStage_8_U0/fftStage_U0/fftStage_1_U0/fftStage_2_U0/fftStage_3_U0/fftStage_4_U0/fftStage_5_U0/fftStage_6_U0/fftStage_7_U0/fftStageKernelS2S_7_U0/mul_16s_15s_31_1_1_U150/tmp_product/P[47:0] is not pipelined (MREG=0). Pipelining the multiplier function will improve performance and will save significant power so it is suggested whenever possible to fully pipeline this function.  If this multiplier was inferred, it is suggested to describe an additional register stage after this function.  If there is no registered adder/accumulator following the multiply function, two pipeline stages are suggested to allow both the MREG and PREG registers to be used.  If the DSP48 was instantiated in the design, it is suggested to set both the MREG and PREG attributes to 1 when performing multiply functions.
Related violations: <none>

DPOP-2#35 Warning
MREG Output pipelining  
DSP audio_system_i/fft_top_0/inst/fft_ssr_fft_params_complex_ap_fixed_16_1_5_3_0_U0/grp_innerFFT_1024_2_999999_2_0_0_0_complex_complex_complex_complex_s_fu_320/fftStage_8_U0/fftStage_U0/fftStage_1_U0/fftStage_2_U0/fftStage_3_U0/fftStage_4_U0/fftStage_5_U0/fftStage_6_U0/fftStage_7_U0/fftStageKernelS2S_7_U0/mul_16s_15s_31_1_1_U151/tmp_product multiplier stage audio_system_i/fft_top_0/inst/fft_ssr_fft_params_complex_ap_fixed_16_1_5_3_0_U0/grp_innerFFT_1024_2_999999_2_0_0_0_complex_complex_complex_complex_s_fu_320/fftStage_8_U0/fftStage_U0/fftStage_1_U0/fftStage_2_U0/fftStage_3_U0/fftStage_4_U0/fftStage_5_U0/fftStage_6_U0/fftStage_7_U0/fftStageKernelS2S_7_U0/mul_16s_15s_31_1_1_U151/tmp_product/P[47:0] is not pipelined (MREG=0). Pipelining the multiplier function will improve performance and will save significant power so it is suggested whenever possible to fully pipeline this function.  If this multiplier was inferred, it is suggested to describe an additional register stage after this function.  If there is no registered adder/accumulator following the multiply function, two pipeline stages are suggested to allow both the MREG and PREG registers to be used.  If the DSP48 was instantiated in the design, it is suggested to set both the MREG and PREG attributes to 1 when performing multiply functions.
Related violations: <none>

DPOP-2#36 Warning
MREG Output pipelining  
DSP audio_system_i/fft_top_0/inst/fft_ssr_fft_params_complex_ap_fixed_16_1_5_3_0_U0/grp_innerFFT_1024_2_999999_2_0_0_0_complex_complex_complex_complex_s_fu_320/fftStage_8_U0/fftStage_U0/fftStage_1_U0/fftStage_2_U0/fftStage_3_U0/fftStage_4_U0/fftStage_5_U0/fftStage_6_U0/fftStage_7_U0/fftStageKernelS2S_7_U0/real2_reg_795_reg multiplier stage audio_system_i/fft_top_0/inst/fft_ssr_fft_params_complex_ap_fixed_16_1_5_3_0_U0/grp_innerFFT_1024_2_999999_2_0_0_0_complex_complex_complex_complex_s_fu_320/fftStage_8_U0/fftStage_U0/fftStage_1_U0/fftStage_2_U0/fftStage_3_U0/fftStage_4_U0/fftStage_5_U0/fftStage_6_U0/fftStage_7_U0/fftStageKernelS2S_7_U0/real2_reg_795_reg/P[47:0] is not pipelined (MREG=0). Pipelining the multiplier function will improve performance and will save significant power so it is suggested whenever possible to fully pipeline this function.  If this multiplier was inferred, it is suggested to describe an additional register stage after this function.  If there is no registered adder/accumulator following the multiply function, two pipeline stages are suggested to allow both the MREG and PREG registers to be used.  If the DSP48 was instantiated in the design, it is suggested to set both the MREG and PREG attributes to 1 when performing multiply functions.
Related violations: <none>

REQP-1839#1 Warning
RAMB36 async control check  
The RAMB36E1 audio_system_i/denoise_top_0/inst/stream1_U/U_denoise_top_fifo_w65_d16_A_ram/mem_reg has an input control pin audio_system_i/denoise_top_0/inst/stream1_U/U_denoise_top_fifo_w65_d16_A_ram/mem_reg/ENARDEN (net: audio_system_i/denoise_top_0/inst/stream1_U/U_denoise_top_fifo_w65_d16_A_ram/mem_reg_0) which is driven by a register (audio_system_i/denoise_top_0/inst/compute_magnitude_square_U0/ap_CS_fsm_reg[0]) that has an active asychronous set or reset. This may cause corruption of the memory contents and/or read values when the set/reset is asserted and is not analyzed by the default static timing analysis. It is suggested to eliminate the use of a set/reset to registers driving this RAMB pin or else use a synchronous reset in which the assertion of the reset is timed by default.
Related violations: <none>

REQP-1839#2 Warning
RAMB36 async control check  
The RAMB36E1 audio_system_i/denoise_top_0/inst/stream1_U/U_denoise_top_fifo_w65_d16_A_ram/mem_reg has an input control pin audio_system_i/denoise_top_0/inst/stream1_U/U_denoise_top_fifo_w65_d16_A_ram/mem_reg/ENARDEN (net: audio_system_i/denoise_top_0/inst/stream1_U/U_denoise_top_fifo_w65_d16_A_ram/mem_reg_0) which is driven by a register (audio_system_i/denoise_top_0/inst/compute_magnitude_square_U0/start_once_reg_reg) that has an active asychronous set or reset. This may cause corruption of the memory contents and/or read values when the set/reset is asserted and is not analyzed by the default static timing analysis. It is suggested to eliminate the use of a set/reset to registers driving this RAMB pin or else use a synchronous reset in which the assertion of the reset is timed by default.
Related violations: <none>

REQP-1839#3 Warning
RAMB36 async control check  
The RAMB36E1 audio_system_i/denoise_top_0/inst/stream2_U/U_denoise_top_fifo_w65_d2048_A_ram/mem_reg_3 has an input control pin audio_system_i/denoise_top_0/inst/stream2_U/U_denoise_top_fifo_w65_d2048_A_ram/mem_reg_3/ENARDEN (net: audio_system_i/denoise_top_0/inst/stream2_U/U_denoise_top_fifo_w65_d2048_A_ram/push) which is driven by a register (audio_system_i/denoise_top_0/inst/compute_magnitude_square_U0/ap_CS_fsm_reg[0]) that has an active asychronous set or reset. This may cause corruption of the memory contents and/or read values when the set/reset is asserted and is not analyzed by the default static timing analysis. It is suggested to eliminate the use of a set/reset to registers driving this RAMB pin or else use a synchronous reset in which the assertion of the reset is timed by default.
Related violations: <none>

REQP-1839#4 Warning
RAMB36 async control check  
The RAMB36E1 audio_system_i/denoise_top_0/inst/stream2_U/U_denoise_top_fifo_w65_d2048_A_ram/mem_reg_3 has an input control pin audio_system_i/denoise_top_0/inst/stream2_U/U_denoise_top_fifo_w65_d2048_A_ram/mem_reg_3/ENARDEN (net: audio_system_i/denoise_top_0/inst/stream2_U/U_denoise_top_fifo_w65_d2048_A_ram/push) which is driven by a register (audio_system_i/denoise_top_0/inst/compute_magnitude_square_U0/start_once_reg_reg) that has an active asychronous set or reset. This may cause corruption of the memory contents and/or read values when the set/reset is asserted and is not analyzed by the default static timing analysis. It is suggested to eliminate the use of a set/reset to registers driving this RAMB pin or else use a synchronous reset in which the assertion of the reset is timed by default.
Related violations: <none>

REQP-1839#5 Warning
RAMB36 async control check  
The RAMB36E1 audio_system_i/denoise_top_0/inst/stream2_U/U_denoise_top_fifo_w65_d2048_A_ram/mem_reg_3 has an input control pin audio_system_i/denoise_top_0/inst/stream2_U/U_denoise_top_fifo_w65_d2048_A_ram/mem_reg_3/ENBWREN (net: audio_system_i/denoise_top_0/inst/stream2_U/U_denoise_top_fifo_w65_d2048_A_ram/mem_reg_3_0) which is driven by a register (audio_system_i/denoise_top_0/inst/reconstruct_signal_U0/ap_CS_fsm_reg[0]) that has an active asychronous set or reset. This may cause corruption of the memory contents and/or read values when the set/reset is asserted and is not analyzed by the default static timing analysis. It is suggested to eliminate the use of a set/reset to registers driving this RAMB pin or else use a synchronous reset in which the assertion of the reset is timed by default.
Related violations: <none>

REQP-1839#6 Warning
RAMB36 async control check  
The RAMB36E1 audio_system_i/denoise_top_0/inst/stream2_U/U_denoise_top_fifo_w65_d2048_A_ram/mem_reg_3 has an input control pin audio_system_i/denoise_top_0/inst/stream2_U/U_denoise_top_fifo_w65_d2048_A_ram/mem_reg_3/ENBWREN (net: audio_system_i/denoise_top_0/inst/stream2_U/U_denoise_top_fifo_w65_d2048_A_ram/mem_reg_3_0) which is driven by a register (audio_system_i/denoise_top_0/inst/reconstruct_signal_U0/start_once_reg_reg) that has an active asychronous set or reset. This may cause corruption of the memory contents and/or read values when the set/reset is asserted and is not analyzed by the default static timing analysis. It is suggested to eliminate the use of a set/reset to registers driving this RAMB pin or else use a synchronous reset in which the assertion of the reset is timed by default.
Related violations: <none>

REQP-1839#7 Warning
RAMB36 async control check  
The RAMB36E1 audio_system_i/denoise_top_0/inst/stream6_U/U_denoise_top_fifo_w65_d16_A_ram/mem_reg has an input control pin audio_system_i/denoise_top_0/inst/stream6_U/U_denoise_top_fifo_w65_d16_A_ram/mem_reg/WEBWE[1] (net: audio_system_i/denoise_top_0/inst/stream6_U/U_denoise_top_fifo_w65_d16_A_ram/push) which is driven by a register (audio_system_i/denoise_top_0/inst/reconstruct_signal_U0/ap_CS_fsm_reg[0]) that has an active asychronous set or reset. This may cause corruption of the memory contents and/or read values when the set/reset is asserted and is not analyzed by the default static timing analysis. It is suggested to eliminate the use of a set/reset to registers driving this RAMB pin or else use a synchronous reset in which the assertion of the reset is timed by default.
Related violations: <none>

REQP-1839#8 Warning
RAMB36 async control check  
The RAMB36E1 audio_system_i/denoise_top_0/inst/stream6_U/U_denoise_top_fifo_w65_d16_A_ram/mem_reg has an input control pin audio_system_i/denoise_top_0/inst/stream6_U/U_denoise_top_fifo_w65_d16_A_ram/mem_reg/WEBWE[1] (net: audio_system_i/denoise_top_0/inst/stream6_U/U_denoise_top_fifo_w65_d16_A_ram/push) which is driven by a register (audio_system_i/denoise_top_0/inst/reconstruct_signal_U0/start_once_reg_reg) that has an active asychronous set or reset. This may cause corruption of the memory contents and/or read values when the set/reset is asserted and is not analyzed by the default static timing analysis. It is suggested to eliminate the use of a set/reset to registers driving this RAMB pin or else use a synchronous reset in which the assertion of the reset is timed by default.
Related violations: <none>

REQP-1839#9 Warning
RAMB36 async control check  
The RAMB36E1 audio_system_i/denoise_top_0/inst/stream6_U/U_denoise_top_fifo_w65_d16_A_ram/mem_reg has an input control pin audio_system_i/denoise_top_0/inst/stream6_U/U_denoise_top_fifo_w65_d16_A_ram/mem_reg/WEBWE[2] (net: audio_system_i/denoise_top_0/inst/stream6_U/U_denoise_top_fifo_w65_d16_A_ram/push) which is driven by a register (audio_system_i/denoise_top_0/inst/reconstruct_signal_U0/ap_CS_fsm_reg[0]) that has an active asychronous set or reset. This may cause corruption of the memory contents and/or read values when the set/reset is asserted and is not analyzed by the default static timing analysis. It is suggested to eliminate the use of a set/reset to registers driving this RAMB pin or else use a synchronous reset in which the assertion of the reset is timed by default.
Related violations: <none>

REQP-1839#10 Warning
RAMB36 async control check  
The RAMB36E1 audio_system_i/denoise_top_0/inst/stream6_U/U_denoise_top_fifo_w65_d16_A_ram/mem_reg has an input control pin audio_system_i/denoise_top_0/inst/stream6_U/U_denoise_top_fifo_w65_d16_A_ram/mem_reg/WEBWE[2] (net: audio_system_i/denoise_top_0/inst/stream6_U/U_denoise_top_fifo_w65_d16_A_ram/push) which is driven by a register (audio_system_i/denoise_top_0/inst/reconstruct_signal_U0/start_once_reg_reg) that has an active asychronous set or reset. This may cause corruption of the memory contents and/or read values when the set/reset is asserted and is not analyzed by the default static timing analysis. It is suggested to eliminate the use of a set/reset to registers driving this RAMB pin or else use a synchronous reset in which the assertion of the reset is timed by default.
Related violations: <none>

REQP-1839#11 Warning
RAMB36 async control check  
The RAMB36E1 audio_system_i/denoise_top_0/inst/stream6_U/U_denoise_top_fifo_w65_d16_A_ram/mem_reg has an input control pin audio_system_i/denoise_top_0/inst/stream6_U/U_denoise_top_fifo_w65_d16_A_ram/mem_reg/WEBWE[3] (net: audio_system_i/denoise_top_0/inst/stream6_U/U_denoise_top_fifo_w65_d16_A_ram/push) which is driven by a register (audio_system_i/denoise_top_0/inst/reconstruct_signal_U0/ap_CS_fsm_reg[0]) that has an active asychronous set or reset. This may cause corruption of the memory contents and/or read values when the set/reset is asserted and is not analyzed by the default static timing analysis. It is suggested to eliminate the use of a set/reset to registers driving this RAMB pin or else use a synchronous reset in which the assertion of the reset is timed by default.
Related violations: <none>

REQP-1839#12 Warning
RAMB36 async control check  
The RAMB36E1 audio_system_i/denoise_top_0/inst/stream6_U/U_denoise_top_fifo_w65_d16_A_ram/mem_reg has an input control pin audio_system_i/denoise_top_0/inst/stream6_U/U_denoise_top_fifo_w65_d16_A_ram/mem_reg/WEBWE[3] (net: audio_system_i/denoise_top_0/inst/stream6_U/U_denoise_top_fifo_w65_d16_A_ram/push) which is driven by a register (audio_system_i/denoise_top_0/inst/reconstruct_signal_U0/start_once_reg_reg) that has an active asychronous set or reset. This may cause corruption of the memory contents and/or read values when the set/reset is asserted and is not analyzed by the default static timing analysis. It is suggested to eliminate the use of a set/reset to registers driving this RAMB pin or else use a synchronous reset in which the assertion of the reset is timed by default.
Related violations: <none>

REQP-1839#13 Warning
RAMB36 async control check  
The RAMB36E1 audio_system_i/denoise_top_0/inst/stream6_U/U_denoise_top_fifo_w65_d16_A_ram/mem_reg has an input control pin audio_system_i/denoise_top_0/inst/stream6_U/U_denoise_top_fifo_w65_d16_A_ram/mem_reg/WEBWE[4] (net: audio_system_i/denoise_top_0/inst/stream6_U/U_denoise_top_fifo_w65_d16_A_ram/push) which is driven by a register (audio_system_i/denoise_top_0/inst/reconstruct_signal_U0/ap_CS_fsm_reg[0]) that has an active asychronous set or reset. This may cause corruption of the memory contents and/or read values when the set/reset is asserted and is not analyzed by the default static timing analysis. It is suggested to eliminate the use of a set/reset to registers driving this RAMB pin or else use a synchronous reset in which the assertion of the reset is timed by default.
Related violations: <none>

REQP-1839#14 Warning
RAMB36 async control check  
The RAMB36E1 audio_system_i/denoise_top_0/inst/stream6_U/U_denoise_top_fifo_w65_d16_A_ram/mem_reg has an input control pin audio_system_i/denoise_top_0/inst/stream6_U/U_denoise_top_fifo_w65_d16_A_ram/mem_reg/WEBWE[4] (net: audio_system_i/denoise_top_0/inst/stream6_U/U_denoise_top_fifo_w65_d16_A_ram/push) which is driven by a register (audio_system_i/denoise_top_0/inst/reconstruct_signal_U0/start_once_reg_reg) that has an active asychronous set or reset. This may cause corruption of the memory contents and/or read values when the set/reset is asserted and is not analyzed by the default static timing analysis. It is suggested to eliminate the use of a set/reset to registers driving this RAMB pin or else use a synchronous reset in which the assertion of the reset is timed by default.
Related violations: <none>

REQP-1839#15 Warning
RAMB36 async control check  
The RAMB36E1 audio_system_i/denoise_top_0/inst/stream6_U/U_denoise_top_fifo_w65_d16_A_ram/mem_reg has an input control pin audio_system_i/denoise_top_0/inst/stream6_U/U_denoise_top_fifo_w65_d16_A_ram/mem_reg/WEBWE[5] (net: audio_system_i/denoise_top_0/inst/stream6_U/U_denoise_top_fifo_w65_d16_A_ram/push) which is driven by a register (audio_system_i/denoise_top_0/inst/reconstruct_signal_U0/ap_CS_fsm_reg[0]) that has an active asychronous set or reset. This may cause corruption of the memory contents and/or read values when the set/reset is asserted and is not analyzed by the default static timing analysis. It is suggested to eliminate the use of a set/reset to registers driving this RAMB pin or else use a synchronous reset in which the assertion of the reset is timed by default.
Related violations: <none>

REQP-1839#16 Warning
RAMB36 async control check  
The RAMB36E1 audio_system_i/denoise_top_0/inst/stream6_U/U_denoise_top_fifo_w65_d16_A_ram/mem_reg has an input control pin audio_system_i/denoise_top_0/inst/stream6_U/U_denoise_top_fifo_w65_d16_A_ram/mem_reg/WEBWE[5] (net: audio_system_i/denoise_top_0/inst/stream6_U/U_denoise_top_fifo_w65_d16_A_ram/push) which is driven by a register (audio_system_i/denoise_top_0/inst/reconstruct_signal_U0/start_once_reg_reg) that has an active asychronous set or reset. This may cause corruption of the memory contents and/or read values when the set/reset is asserted and is not analyzed by the default static timing analysis. It is suggested to eliminate the use of a set/reset to registers driving this RAMB pin or else use a synchronous reset in which the assertion of the reset is timed by default.
Related violations: <none>

REQP-1839#17 Warning
RAMB36 async control check  
The RAMB36E1 audio_system_i/denoise_top_0/inst/stream6_U/U_denoise_top_fifo_w65_d16_A_ram/mem_reg has an input control pin audio_system_i/denoise_top_0/inst/stream6_U/U_denoise_top_fifo_w65_d16_A_ram/mem_reg/WEBWE[6] (net: audio_system_i/denoise_top_0/inst/stream6_U/U_denoise_top_fifo_w65_d16_A_ram/push) which is driven by a register (audio_system_i/denoise_top_0/inst/reconstruct_signal_U0/ap_CS_fsm_reg[0]) that has an active asychronous set or reset. This may cause corruption of the memory contents and/or read values when the set/reset is asserted and is not analyzed by the default static timing analysis. It is suggested to eliminate the use of a set/reset to registers driving this RAMB pin or else use a synchronous reset in which the assertion of the reset is timed by default.
Related violations: <none>

REQP-1839#18 Warning
RAMB36 async control check  
The RAMB36E1 audio_system_i/denoise_top_0/inst/stream6_U/U_denoise_top_fifo_w65_d16_A_ram/mem_reg has an input control pin audio_system_i/denoise_top_0/inst/stream6_U/U_denoise_top_fifo_w65_d16_A_ram/mem_reg/WEBWE[6] (net: audio_system_i/denoise_top_0/inst/stream6_U/U_denoise_top_fifo_w65_d16_A_ram/push) which is driven by a register (audio_system_i/denoise_top_0/inst/reconstruct_signal_U0/start_once_reg_reg) that has an active asychronous set or reset. This may cause corruption of the memory contents and/or read values when the set/reset is asserted and is not analyzed by the default static timing analysis. It is suggested to eliminate the use of a set/reset to registers driving this RAMB pin or else use a synchronous reset in which the assertion of the reset is timed by default.
Related violations: <none>

REQP-1839#19 Warning
RAMB36 async control check  
The RAMB36E1 audio_system_i/denoise_top_0/inst/stream6_U/U_denoise_top_fifo_w65_d16_A_ram/mem_reg has an input control pin audio_system_i/denoise_top_0/inst/stream6_U/U_denoise_top_fifo_w65_d16_A_ram/mem_reg/WEBWE[7] (net: audio_system_i/denoise_top_0/inst/stream6_U/U_denoise_top_fifo_w65_d16_A_ram/push) which is driven by a register (audio_system_i/denoise_top_0/inst/reconstruct_signal_U0/ap_CS_fsm_reg[0]) that has an active asychronous set or reset. This may cause corruption of the memory contents and/or read values when the set/reset is asserted and is not analyzed by the default static timing analysis. It is suggested to eliminate the use of a set/reset to registers driving this RAMB pin or else use a synchronous reset in which the assertion of the reset is timed by default.
Related violations: <none>

REQP-1839#20 Warning
RAMB36 async control check  
The RAMB36E1 audio_system_i/denoise_top_0/inst/stream6_U/U_denoise_top_fifo_w65_d16_A_ram/mem_reg has an input control pin audio_system_i/denoise_top_0/inst/stream6_U/U_denoise_top_fifo_w65_d16_A_ram/mem_reg/WEBWE[7] (net: audio_system_i/denoise_top_0/inst/stream6_U/U_denoise_top_fifo_w65_d16_A_ram/push) which is driven by a register (audio_system_i/denoise_top_0/inst/reconstruct_signal_U0/start_once_reg_reg) that has an active asychronous set or reset. This may cause corruption of the memory contents and/or read values when the set/reset is asserted and is not analyzed by the default static timing analysis. It is suggested to eliminate the use of a set/reset to registers driving this RAMB pin or else use a synchronous reset in which the assertion of the reset is timed by default.
Related violations: <none>


